
Showing logs for build [32mcb-kubecd-bdd-ghfjxy-1568809294-8k9sm-1[0m stage [32mmeta-pipeline[0m and container [32mstep-credential-initializer-fg6vc[0m
{"level":"warn","ts":1568809702.2777634,"logger":"fallback-logger","caller":"logging/config.go:69","msg":"Fetch GitHub commit ID from kodata failed: \"ref: refs/heads/master\" is not a valid GitHub commit ID"}
{"level":"info","ts":1568809702.278354,"logger":"fallback-logger","caller":"creds-init/main.go:40","msg":"Credentials initialized."}

Showing logs for build [32mcb-kubecd-bdd-ghfjxy-1568809294-8k9sm-1[0m stage [32mmeta-pipeline[0m and container [32mstep-working-dir-initializer-klmfj[0m
{"level":"warn","ts":1568809703.673637,"logger":"fallback-logger","caller":"logging/config.go:69","msg":"Fetch GitHub commit ID from kodata failed: open /var/run/ko/HEAD: no such file or directory"}
{"level":"info","ts":1568809703.6750286,"logger":"fallback-logger","caller":"bash/main.go:65","msg":"Successfully executed command \"mkdir -p /workspace/source\""}

Showing logs for build [32mcb-kubecd-bdd-ghfjxy-1568809294-8k9sm-1[0m stage [32mmeta-pipeline[0m and container [32mstep-place-tools[0m

Showing logs for build [32mcb-kubecd-bdd-ghfjxy-1568809294-8k9sm-1[0m stage [32mmeta-pipeline[0m and container [32mstep-git-source-meta-cb-kubecd-bdd-ghfjxy-15688-dhdrw[0m
{"level":"warn","ts":1568809708.7282462,"logger":"fallback-logger","caller":"logging/config.go:69","msg":"Fetch GitHub commit ID from kodata failed: \"ref: refs/heads/master\" is not a valid GitHub commit ID"}
{"level":"info","ts":1568809709.8207173,"logger":"fallback-logger","caller":"git/git.go:102","msg":"Successfully cloned https://github.com/cb-kubecd/bdd-ghf**y-1568809294.git @ 6001f7fd19a81e2fb5d5a4a04b3fe85847470b0b in path /workspace/source"}

Showing logs for build [32mcb-kubecd-bdd-ghfjxy-1568809294-8k9sm-1[0m stage [32mmeta-pipeline[0m and container [32mstep-git-merge[0m
Using SHAs from PULL_REFS=master:6001f7fd19a81e2fb5d5a4a04b3fe85847470b0b,1:581e7228618d4f63bffa0304d51ed5c524cc71c4
DEBUG: ran git fetch --unshallow origin 581e7228618d4f63bffa0304d51ed5c524cc71c4: 6001f7fd19a81e2fb5d5a4a04b3fe85847470b0b: in 
DEBUG: ran git checkout master in 
DEBUG: ran git reset --hard 6001f7fd19a81e2fb5d5a4a04b3fe85847470b0b in 
DEBUG: ran clean --force -d . in 
DEBUG: ran git merge 581e7228618d4f63bffa0304d51ed5c524cc71c4 in 
Merged SHA 581e7228618d4f63bffa0304d51ed5c524cc71c4 with commit message 'My first PR commit' into base branch master

Showing logs for build [32mcb-kubecd-bdd-ghfjxy-1568809294-8k9sm-1[0m stage [32mmeta-pipeline[0m and container [32mstep-merge-pull-refs[0m
DEBUG: ran git fetch origin 581e7228618d4f63bffa0304d51ed5c524cc71c4: 6001f7fd19a81e2fb5d5a4a04b3fe85847470b0b: in 
DEBUG: Unshallowed git repo in 
DEBUG: ran git checkout master in 
DEBUG: ran git reset --hard 6001f7fd19a81e2fb5d5a4a04b3fe85847470b0b in 
DEBUG: ran clean --force -d . in 
DEBUG: ran git merge 581e7228618d4f63bffa0304d51ed5c524cc71c4 in 
Merged SHA 581e7228618d4f63bffa0304d51ed5c524cc71c4 with commit message 'My first PR commit' into base branch master

Showing logs for build [32mcb-kubecd-bdd-ghfjxy-1568809294-8k9sm-1[0m stage [32mmeta-pipeline[0m and container [32mstep-create-effective-pipeline[0m
Deleting and cloning the Jenkins X versions repo
Cloning the Jenkins X versions repo https://github.com/jenkins-x/jenkins-x-versions.git with revision 4997ef3fdc012aa4a26a55da83a4830a4fe0f32d to /builder/home/.**/jenkins-x-versions
From https://github.com/jenkins-x/jenkins-x-versions
 * branch            4997ef3fdc012aa4a26a55da83a4830a4fe0f32d -> FETCH_HEAD
performing pack detection in folder /workspace/source
--> Draft detected YAML (67.752116%)
--> Could not find a pack for YAML. Trying to find the next likely language match...
--> Draft detected RPM Spec (14.854397%)
--> Could not find a pack for RPM Spec. Trying to find the next likely language match...
--> Draft detected Coq (6.799598%)
--> Could not find a pack for Coq. Trying to find the next likely language match...
--> Draft detected Smarty (3.701047%)
--> Could not find a pack for Smarty. Trying to find the next likely language match...
--> Draft detected Go (2.904892%)
selected pack: /builder/home/.**/draft/packs/github.com/jenkins-x-buildpacks/jenkins-x-kubernetes/packs/go
Effective pipeline written to jenkins-x-serverless-jenkins-effective.yml

Showing logs for build [32mcb-kubecd-bdd-ghfjxy-1568809294-8k9sm-1[0m stage [32mmeta-pipeline[0m and container [32mstep-create-tekton-crds[0m
Deleting and cloning the Jenkins X versions repo
Cloning the Jenkins X versions repo https://github.com/jenkins-x/jenkins-x-versions.git with revision 4997ef3fdc012aa4a26a55da83a4830a4fe0f32d to /builder/home/.**/jenkins-x-versions
From https://github.com/jenkins-x/jenkins-x-versions
 * branch            4997ef3fdc012aa4a26a55da83a4830a4fe0f32d -> FETCH_HEAD
PipelineActivity for cb-kubecd-bdd-ghf**y-1568809294-PR-1-1
Applying changes 
upserted PipelineResource cb-kubecd-bdd-ghf**y-1568809294 for the git repository https://github.com/cb-kubecd/bdd-ghf**y-1568809294.git
upserted Task cb-kubecd-bdd-ghf**y-1568809294-8k9sm-run-make-1
upserted Task cb-kubecd-bdd-ghf**y-1568809294-8k9sm-everything-else-1
upserted Pipeline cb-kubecd-bdd-ghf**y-1568809294-8k9sm-1
created PipelineRun cb-kubecd-bdd-ghf**y-1568809294-8k9sm-1
created PipelineStructure cb-kubecd-bdd-ghf**y-1568809294-8k9sm-1

Showing logs for build [32mcb-kubecd-bdd-ghfjxy-1568809294-8k9sm-1[0m stage [32mrun-make[0m and container [32mstep-credential-initializer-h9s2q[0m
{"level":"warn","ts":1568809744.5112176,"logger":"fallback-logger","caller":"logging/config.go:69","msg":"Fetch GitHub commit ID from kodata failed: \"ref: refs/heads/master\" is not a valid GitHub commit ID"}
{"level":"info","ts":1568809744.5118043,"logger":"fallback-logger","caller":"creds-init/main.go:40","msg":"Credentials initialized."}

Showing logs for build [32mcb-kubecd-bdd-ghfjxy-1568809294-8k9sm-1[0m stage [32mrun-make[0m and container [32mstep-working-dir-initializer-qrbmr[0m
{"level":"warn","ts":1568809745.4877086,"logger":"fallback-logger","caller":"logging/config.go:69","msg":"Fetch GitHub commit ID from kodata failed: open /var/run/ko/HEAD: no such file or directory"}
{"level":"info","ts":1568809745.4895525,"logger":"fallback-logger","caller":"bash/main.go:65","msg":"Successfully executed command \"mkdir -p /workspace/source\""}

Showing logs for build [32mcb-kubecd-bdd-ghfjxy-1568809294-8k9sm-1[0m stage [32mrun-make[0m and container [32mstep-place-tools[0m

Showing logs for build [32mcb-kubecd-bdd-ghfjxy-1568809294-8k9sm-1[0m stage [32mrun-make[0m and container [32mstep-git-source-cb-kubecd-bdd-ghfjxy-1568809294-825l2[0m
{"level":"warn","ts":1568809750.6371973,"logger":"fallback-logger","caller":"logging/config.go:69","msg":"Fetch GitHub commit ID from kodata failed: \"ref: refs/heads/master\" is not a valid GitHub commit ID"}
{"level":"info","ts":1568809751.712989,"logger":"fallback-logger","caller":"git/git.go:102","msg":"Successfully cloned https://github.com/cb-kubecd/bdd-ghf**y-1568809294.git @ master in path /workspace/source"}

Showing logs for build [32mcb-kubecd-bdd-ghfjxy-1568809294-8k9sm-1[0m stage [32mrun-make[0m and container [32mstep-git-merge[0m
Using SHAs from PULL_REFS=master:6001f7fd19a81e2fb5d5a4a04b3fe85847470b0b,1:581e7228618d4f63bffa0304d51ed5c524cc71c4
DEBUG: ran git fetch --unshallow origin 581e7228618d4f63bffa0304d51ed5c524cc71c4: 6001f7fd19a81e2fb5d5a4a04b3fe85847470b0b: in 
DEBUG: ran git checkout master in 
DEBUG: ran git reset --hard 6001f7fd19a81e2fb5d5a4a04b3fe85847470b0b in 
DEBUG: ran clean --force -d . in 
DEBUG: ran git merge 581e7228618d4f63bffa0304d51ed5c524cc71c4 in 
Merged SHA 581e7228618d4f63bffa0304d51ed5c524cc71c4 with commit message 'My first PR commit' into base branch master

Showing logs for build [32mcb-kubecd-bdd-ghfjxy-1568809294-8k9sm-1[0m stage [32mrun-make[0m and container [32mstep-build-make-linux[0m
CGO_ENABLED=0 GOOS=linux GOARCH=amd64 GO15VENDOREXPERIMENT=1 go build -ldflags '' -o bin/bdd-ghf**y-1568809294 main.go

Showing logs for build [32mcb-kubecd-bdd-ghfjxy-1568809294-8k9sm-1[0m stage [32mrun-make[0m and container [32mstep-source-mkdir-cb-kubecd-bdd-ghfjxy-1568809294-9l9g7[0m
{"level":"warn","ts":1568809760.7996526,"logger":"fallback-logger","caller":"logging/config.go:69","msg":"Fetch GitHub commit ID from kodata failed: open /var/run/ko/HEAD: no such file or directory"}
{"level":"info","ts":1568809760.8202455,"logger":"fallback-logger","caller":"bash/main.go:65","msg":"Successfully executed command \"mkdir -p /pvc/run-make/workspace\""}

Showing logs for build [32mcb-kubecd-bdd-ghfjxy-1568809294-8k9sm-1[0m stage [32mrun-make[0m and container [32mstep-source-copy-cb-kubecd-bdd-ghfjxy-1568809294-bb4fq[0m
{"level":"warn","ts":1568809761.11646,"logger":"fallback-logger","caller":"logging/config.go:69","msg":"Fetch GitHub commit ID from kodata failed: open /var/run/ko/HEAD: no such file or directory"}
{"level":"info","ts":1568809761.1328611,"logger":"fallback-logger","caller":"bash/main.go:65","msg":"Successfully executed command \"cp -r /workspace/source/. /pvc/run-make/workspace\""}

Showing logs for build [32mcb-kubecd-bdd-ghfjxy-1568809294-8k9sm-1[0m stage [32meverything-else[0m and container [32mstep-credential-initializer-pldbg[0m
{"level":"warn","ts":1568809779.9453917,"logger":"fallback-logger","caller":"logging/config.go:69","msg":"Fetch GitHub commit ID from kodata failed: \"ref: refs/heads/master\" is not a valid GitHub commit ID"}
{"level":"info","ts":1568809779.9460256,"logger":"fallback-logger","caller":"creds-init/main.go:40","msg":"Credentials initialized."}

Showing logs for build [32mcb-kubecd-bdd-ghfjxy-1568809294-8k9sm-1[0m stage [32meverything-else[0m and container [32mstep-working-dir-initializer-sbgtq[0m
{"level":"warn","ts":1568809781.262593,"logger":"fallback-logger","caller":"logging/config.go:69","msg":"Fetch GitHub commit ID from kodata failed: open /var/run/ko/HEAD: no such file or directory"}
{"level":"info","ts":1568809781.264464,"logger":"fallback-logger","caller":"bash/main.go:65","msg":"Successfully executed command \"mkdir -p /workspace/source /workspace/source/charts/preview\""}

Showing logs for build [32mcb-kubecd-bdd-ghfjxy-1568809294-8k9sm-1[0m stage [32meverything-else[0m and container [32mstep-place-tools[0m

Showing logs for build [32mcb-kubecd-bdd-ghfjxy-1568809294-8k9sm-1[0m stage [32meverything-else[0m and container [32mstep-create-dir-workspace-w2vkn[0m
{"level":"warn","ts":1568809789.3268144,"logger":"fallback-logger","caller":"logging/config.go:69","msg":"Fetch GitHub commit ID from kodata failed: open /var/run/ko/HEAD: no such file or directory"}
{"level":"info","ts":1568809789.331217,"logger":"fallback-logger","caller":"bash/main.go:65","msg":"Successfully executed command \"mkdir -p /workspace/source\""}

Showing logs for build [32mcb-kubecd-bdd-ghfjxy-1568809294-8k9sm-1[0m stage [32meverything-else[0m and container [32mstep-source-copy-workspace-tkz8f[0m
{"level":"warn","ts":1568809789.5946262,"logger":"fallback-logger","caller":"logging/config.go:69","msg":"Fetch GitHub commit ID from kodata failed: open /var/run/ko/HEAD: no such file or directory"}
{"level":"info","ts":1568809790.0074837,"logger":"fallback-logger","caller":"bash/main.go:65","msg":"Successfully executed command \"cp -r /pvc/run-make/workspace/. /workspace/source\""}

Showing logs for build [32mcb-kubecd-bdd-ghfjxy-1568809294-8k9sm-1[0m stage [32meverything-else[0m and container [32mstep-build-container-build[0m
[36mINFO[0m[0000] No base image, nothing to extract            
[36mINFO[0m[0000] cmd: EXPOSE                                  
[36mINFO[0m[0000] Adding exposed port: 8080/tcp                
[36mINFO[0m[0000] Using files from context: [/workspace/source/bin] 
[36mINFO[0m[0000] Skipping unpacking as no commands require it. 
[36mINFO[0m[0000] Taking snapshot of full filesystem...        
[36mINFO[0m[0000] EXPOSE 8080                                  
[36mINFO[0m[0000] cmd: EXPOSE                                  
[36mINFO[0m[0000] Adding exposed port: 8080/tcp                
[36mINFO[0m[0000] No files changed in this command, skipping snapshotting. 
[36mINFO[0m[0000] ENTRYPOINT ["/bdd-ghf**y-1568809294"]        
[36mINFO[0m[0000] No files changed in this command, skipping snapshotting. 
[36mINFO[0m[0000] Using files from context: [/workspace/source/bin] 
[36mINFO[0m[0000] COPY ./bin/ /                                
[36mINFO[0m[0000] Taking snapshot of files...                  
2019/09/18 12:29:54 pushed blob: sha256:a00ff89a81fa530146531a43708d44d36f31af69532ab63f9e356ba5e382182e
2019/09/18 12:29:54 pushed blob: sha256:03f19ffb6e8a125fccb4ff68a15c8bfecaa2b743c723448751f11754e47ed4ca
2019/09/18 12:29:56 gcr.io/jenkins-x-bdd3/bdd-ghf**y-1568809294:0.0.0-SNAPSHOT-PR-1-1: digest: sha256:ecb09d274dca422b33dc7b5608d8f100f27f38c8f12c336c02117b3b964fbd5d size: 428

Showing logs for build [32mcb-kubecd-bdd-ghfjxy-1568809294-8k9sm-1[0m stage [32meverything-else[0m and container [32mstep-postbuild-post-build[0m
no CVE provider running in the current ** namespace so skip adding image to be analysed

Showing logs for build [32mcb-kubecd-bdd-ghfjxy-1568809294-8k9sm-1[0m stage [32meverything-else[0m and container [32mstep-promote-make-preview[0m
sed -i -e "s/version:.*/version: 0.0.0-SNAPSHOT-PR-1-1/" Chart.yaml
sed -i -e "s/version:.*/version: 0.0.0-SNAPSHOT-PR-1-1/" ../*/Chart.yaml
sed -i -e "s|repository:.*|repository: gcr.io\/jenkins-x-bdd3\/bdd-ghf**y-1568809294|" values.yaml
sed -i -e "s/tag:.*/tag: 0.0.0-SNAPSHOT-PR-1-1/" values.yaml
echo "  version: 0.0.0-SNAPSHOT-PR-1-1" >> requirements.yaml
** step helm build
WARNING: No $CHART_REPOSITORY defined so using the default value of: http://jenkins-x-chartmuseum:8080
Adding missing Helm repo: storage.googleapis.com https://storage.googleapis.com/chartmuseum.jenkins-x.io
Successfully added Helm repository storage.googleapis.com.
Adding missing Helm repo: jenkins-x-chartmuseum http://jenkins-x-chartmuseum:8080
Successfully added Helm repository jenkins-x-chartmuseum.
WARNING: No $CHART_REPOSITORY defined so using the default value of: http://jenkins-x-chartmuseum:8080
Adding missing Helm repo: chartmuseum.jenkins-x.io http://chartmuseum.jenkins-x.io
Successfully added Helm repository chartmuseum.jenkins-x.io.

Showing logs for build [32mcb-kubecd-bdd-ghfjxy-1568809294-8k9sm-1[0m stage [32meverything-else[0m and container [32mstep-promote-jx-preview[0m
Creating a preview
WARNING: No author for commit: 581e7228618d4f63bffa0304d51ed5c524cc71c4
Created environment cb-kubecd-bdd-ghf**y-1568809294-pr-1
Namespace **-cb-kubecd-bdd-ghf**y-1568809294-pr-1 created 
expose:
  Annotations:
    helm.sh/hook: post-install,post-upgrade
    helm.sh/hook-delete-policy: hook-succeeded
  config:
    domain: 35.241.219.247.nip.io
    exposer: Ingress
    http: "true"
preview:
  image:
    repository: gcr.io/jenkins-x-bdd3/bdd-ghf**y-1568809294
    tag: 0.0.0-SNAPSHOT-PR-1-1
Deleting and cloning the Jenkins X versions repo
Cloning the Jenkins X versions repo https://github.com/jenkins-x/jenkins-x-versions.git with revision 4997ef3fdc012aa4a26a55da83a4830a4fe0f32d to /builder/home/.**/jenkins-x-versions
From https://github.com/jenkins-x/jenkins-x-versions
 * branch            4997ef3fdc012aa4a26a55da83a4830a4fe0f32d -> FETCH_HEAD


Updating PipelineActivities cb-kubecd-bdd-ghf**y-1568809294-pr-1-1 which has status Running
Preview application is now available at: http://bdd-ghf**y-1568809294.**-cb-kubecd-bdd-ghf**y-1568809294-pr-1.35.241.219.247.nip.io
